<?xml version="1.0" encoding="UTF-8"?>
<!-- Generated by org.testng.reporters.JUnitReportReporter -->
<testsuite hostname="LAPTOP-R8HEM64M" name="pojo.TblUserTest" tests="8" failures="0" timestamp="7 Nov 2021 12:29:53 GMT" time="0.022" errors="0">
  <testcase name="testGetPassword" time="0.001" classname="pojo.TblUserTest"/>
  <testcase name="testGetUsername" time="0.000" classname="pojo.TblUserTest"/>
  <testcase name="testSetPassword" time="0.001" classname="pojo.TblUserTest"/>
  <testcase name="testSetUsername" time="0.000" classname="pojo.TblUserTest"/>
  <testcase name="testLogin_user" time="0.018" classname="pojo.TblUserTest"/>
  <testcase name="testSetIdUser" time="0.000" classname="pojo.TblUserTest"/>
  <testcase name="testGetIdUser" time="0.001" classname="pojo.TblUserTest"/>
  <testcase name="testGetByIdus" time="0.001" classname="pojo.TblUserTest"/>
</testsuite> <!-- pojo.TblUserTest -->
