<?xml version="1.0" encoding="UTF-8"?>
<!-- Generated by org.testng.reporters.JUnitReportReporter -->
<testsuite hostname="LAPTOP-R8HEM64M" name="pojo.TblUserTest" tests="8" failures="0" timestamp="6 Nov 2021 08:03:57 GMT" time="0.026" errors="0">
  <testcase name="testGetPassword" time="0.000" classname="pojo.TblUserTest"/>
  <testcase name="testGetUsername" time="0.000" classname="pojo.TblUserTest"/>
  <testcase name="testSetPassword" time="0.000" classname="pojo.TblUserTest"/>
  <testcase name="testSetUsername" time="0.000" classname="pojo.TblUserTest"/>
  <testcase name="testLogin_user" time="0.026" classname="pojo.TblUserTest"/>
  <testcase name="testSetIdUser" time="0.000" classname="pojo.TblUserTest"/>
  <testcase name="testGetIdUser" time="0.000" classname="pojo.TblUserTest"/>
  <testcase name="testGetByIdus" time="0.000" classname="pojo.TblUserTest"/>
</testsuite> <!-- pojo.TblUserTest -->
