<?xml version="1.0" encoding="UTF-8"?>
<!-- Generated by org.testng.reporters.JUnitReportReporter -->
<testsuite hostname="LAPTOP-R8HEM64M" name="pojo.TblCustTest" tests="13" failures="0" timestamp="7 Nov 2021 12:29:53 GMT" time="2.200" errors="0">
  <testcase name="testGetEmail" time="0.012" classname="pojo.TblCustTest"/>
  <testcase name="testGetIdCustomer" time="0.004" classname="pojo.TblCustTest"/>
  <testcase name="testSetNoTlpn" time="0.000" classname="pojo.TblCustTest"/>
  <testcase name="testGetNoTlpn" time="0.000" classname="pojo.TblCustTest"/>
  <testcase name="testGetAllRecoordss" time="2.164" classname="pojo.TblCustTest"/>
  <testcase name="testSetIdCustomer" time="0.000" classname="pojo.TblCustTest"/>
  <testcase name="testSetEmail" time="0.000" classname="pojo.TblCustTest"/>
  <testcase name="testGetBook" time="0.000" classname="pojo.TblCustTest"/>
  <testcase name="testDeleteea" time="0.019" classname="pojo.TblCustTest"/>
  <testcase name="testSetBook" time="0.001" classname="pojo.TblCustTest"/>
  <testcase name="testGetNameCust" time="0.000" classname="pojo.TblCustTest"/>
  <testcase name="testSetNameCust" time="0.000" classname="pojo.TblCustTest"/>
  <testcase name="testGetByIdcus" time="0.000" classname="pojo.TblCustTest"/>
</testsuite> <!-- pojo.TblCustTest -->
