<?xml version="1.0" encoding="UTF-8"?>
<!-- Generated by org.testng.reporters.JUnitReportReporter -->
<testsuite hostname="LAPTOP-R8HEM64M" name="pojo.TblCustTest" tests="13" failures="0" timestamp="6 Nov 2021 08:03:57 GMT" time="2.044" errors="0">
  <testcase name="testGetEmail" time="0.010" classname="pojo.TblCustTest"/>
  <testcase name="testGetIdCustomer" time="0.004" classname="pojo.TblCustTest"/>
  <testcase name="testSetNoTlpn" time="0.001" classname="pojo.TblCustTest"/>
  <testcase name="testGetNoTlpn" time="0.000" classname="pojo.TblCustTest"/>
  <testcase name="testGetAllRecoordss" time="2.007" classname="pojo.TblCustTest"/>
  <testcase name="testSetIdCustomer" time="0.000" classname="pojo.TblCustTest"/>
  <testcase name="testSetEmail" time="0.001" classname="pojo.TblCustTest"/>
  <testcase name="testGetBook" time="0.000" classname="pojo.TblCustTest"/>
  <testcase name="testDeleteea" time="0.021" classname="pojo.TblCustTest"/>
  <testcase name="testSetBook" time="0.000" classname="pojo.TblCustTest"/>
  <testcase name="testGetNameCust" time="0.000" classname="pojo.TblCustTest"/>
  <testcase name="testSetNameCust" time="0.000" classname="pojo.TblCustTest"/>
  <testcase name="testGetByIdcus" time="0.000" classname="pojo.TblCustTest"/>
</testsuite> <!-- pojo.TblCustTest -->
