<?xml version="1.0" encoding="UTF-8"?>
<!-- Generated by org.testng.reporters.JUnitReportReporter -->
<testsuite hostname="LAPTOP-R8HEM64M" name="pojo.TblUser1Test" tests="11" failures="0" timestamp="6 Nov 2021 08:03:57 GMT" time="0.064" errors="0">
  <testcase name="testGetPassword" time="0.000" classname="pojo.TblUser1Test"/>
  <testcase name="testSave_user" time="0.021" classname="pojo.TblUser1Test"/>
  <testcase name="testSetUsername" time="0.000" classname="pojo.TblUser1Test"/>
  <testcase name="testLog_us" time="0.022" classname="pojo.TblUser1Test"/>
  <testcase name="testSetPassword" time="0.000" classname="pojo.TblUser1Test"/>
  <testcase name="testSetIdUser" time="0.000" classname="pojo.TblUser1Test"/>
  <testcase name="testLogin_user" time="0.021" classname="pojo.TblUser1Test"/>
  <testcase name="testGetEmail" time="0.000" classname="pojo.TblUser1Test"/>
  <testcase name="testGetUsername" time="0.000" classname="pojo.TblUser1Test"/>
  <testcase name="testGetIdUser" time="0.000" classname="pojo.TblUser1Test"/>
  <testcase name="testSetEmail" time="0.000" classname="pojo.TblUser1Test"/>
</testsuite> <!-- pojo.TblUser1Test -->
